<?xml version="1.0" encoding="UTF-8"?>
<!-- Generated by org.testng.reporters.JUnitReportReporter -->
<testsuite hostname="idea-PC" name="Test.testng_GoogleSearchTest" tests="1" failures="0" timestamp="28 Apr 2020 15:09:13 GMT" time="10.266" errors="0">
  <testcase name="googlesearch" time="10.266" classname="Test.testng_GoogleSearchTest"/>
</testsuite> <!-- Test.testng_GoogleSearchTest -->
